[2022-07-25 00:08:59.059][INFO ][org.springframework.boot.StartupInfoLogger][restartedMain][55]Starting Application using Java 17.0.3 on MacBook-Air-cua-MacOS.local with PID 27659 (/Users/mac/Documents/software-development/social-network/social_network_backend/target/classes started by mac in /Users/mac/Documents/software-development/social-network/social_network_backend)
[2022-07-25 00:08:59.059][INFO ][org.springframework.boot.SpringApplication][restartedMain][640]No active profile set, falling back to 1 default profile: "default"
[2022-07-25 00:08:59.059][INFO ][org.springframework.boot.logging.DeferredLog][restartedMain][255]The Class-Path manifest attribute in /Users/mac/.m2/repository/org/liquibase/liquibase-core/4.5.0/liquibase-core-4.5.0.jar referenced one or more files that do not exist: file:/Users/mac/.m2/repository/org/liquibase/liquibase-core/4.5.0/snakeyaml-1.27.jar
[2022-07-25 00:08:59.059][INFO ][org.springframework.boot.logging.DeferredLog][restartedMain][255]Devtools property defaults active! Set 'spring.devtools.add-properties' to 'false' to disable
[2022-07-25 00:08:59.059][INFO ][org.springframework.boot.logging.DeferredLog][restartedMain][255]For additional web related logging consider setting the 'logging.level.web' property to 'DEBUG'
[2022-07-25 00:09:00.000][INFO ][org.springframework.data.repository.config.RepositoryConfigurationDelegate][restartedMain][132]Bootstrapping Spring Data JPA repositories in DEFAULT mode.
[2022-07-25 00:09:00.000][INFO ][org.springframework.data.repository.config.RepositoryConfigurationDelegate][restartedMain][201]Finished Spring Data repository scanning in 122 ms. Found 12 JPA repository interfaces.
[2022-07-25 00:09:01.001][INFO ][org.springframework.boot.web.embedded.tomcat.TomcatWebServer][restartedMain][108]Tomcat initialized with port(s): 8080 (http)
[2022-07-25 00:09:01.001][INFO ][org.apache.juli.logging.DirectJDKLog][restartedMain][173]Initializing ProtocolHandler ["http-nio-8080"]
[2022-07-25 00:09:01.001][INFO ][org.apache.juli.logging.DirectJDKLog][restartedMain][173]Starting service [Tomcat]
[2022-07-25 00:09:01.001][INFO ][org.apache.juli.logging.DirectJDKLog][restartedMain][173]Starting Servlet engine: [Apache Tomcat/9.0.58]
[2022-07-25 00:09:01.001][INFO ][org.apache.juli.logging.DirectJDKLog][restartedMain][173]Initializing Spring embedded WebApplicationContext
[2022-07-25 00:09:01.001][INFO ][org.springframework.boot.web.servlet.context.ServletWebServerApplicationContext][restartedMain][290]Root WebApplicationContext: initialization completed in 2164 ms
[2022-07-25 00:09:01.001][INFO ][com.zaxxer.hikari.HikariDataSource][restartedMain][110]HikariPool-1 - Starting...
[2022-07-25 00:09:01.001][INFO ][com.zaxxer.hikari.HikariDataSource][restartedMain][123]HikariPool-1 - Start completed.
[2022-07-25 00:09:02.002][INFO ][liquibase.logging.core.JavaLogger][restartedMain][26]Set default schema name to public
[2022-07-25 00:09:02.002][INFO ][liquibase.logging.core.JavaLogger][restartedMain][26]Clearing database change log checksums
[2022-07-25 00:09:02.002][INFO ][liquibase.logging.core.JavaLogger][restartedMain][26]Successfully acquired change log lock
[2022-07-25 00:09:02.002][INFO ][liquibase.logging.core.JavaLogger][restartedMain][26]Successfully released change log lock
[2022-07-25 00:09:02.002][INFO ][liquibase.logging.core.JavaLogger][restartedMain][26]Successfully acquired change log lock
[2022-07-25 00:09:02.002][INFO ][liquibase.logging.core.JavaLogger][restartedMain][26]Reading from public.databasechangelog
[2022-07-25 00:09:02.002][INFO ][liquibase.logging.core.JavaLogger][restartedMain][26]Successfully released change log lock
[2022-07-25 00:09:02.002][INFO ][org.hibernate.jpa.internal.util.LogHelper][restartedMain][31]HHH000204: Processing PersistenceUnitInfo [name: default]
[2022-07-25 00:09:02.002][INFO ][org.hibernate.Version][restartedMain][44]HHH000412: Hibernate ORM core version 5.6.5.Final
[2022-07-25 00:09:02.002][INFO ][org.hibernate.annotations.common.reflection.java.JavaReflectionManager][restartedMain][56]HCANN000001: Hibernate Commons Annotations {5.1.2.Final}
[2022-07-25 00:09:02.002][INFO ][org.hibernate.dialect.Dialect][restartedMain][175]HHH000400: Using dialect: org.hibernate.dialect.PostgreSQLDialect
[2022-07-25 00:09:03.003][INFO ][org.hibernate.engine.transaction.jta.platform.internal.JtaPlatformInitiator][restartedMain][52]HHH000490: Using JtaPlatform implementation: [org.hibernate.engine.transaction.jta.platform.internal.NoJtaPlatform]
[2022-07-25 00:09:03.003][INFO ][org.springframework.orm.jpa.AbstractEntityManagerFactoryBean][restartedMain][437]Initialized JPA EntityManagerFactory for persistence unit 'default'
[2022-07-25 00:09:03.003][WARN ][org.springframework.boot.autoconfigure.orm.jpa.JpaBaseConfiguration$JpaWebConfiguration][restartedMain][219]spring.jpa.open-in-view is enabled by default. Therefore, database queries may be performed during view rendering. Explicitly configure spring.jpa.open-in-view to disable this warning
[2022-07-25 00:09:05.005][INFO ][org.springframework.security.web.DefaultSecurityFilterChain][restartedMain][52]Will not secure any request
[2022-07-25 00:09:05.005][INFO ][org.springframework.boot.devtools.autoconfigure.OptionalLiveReloadServer][restartedMain][58]LiveReload server is running on port 35729
[2022-07-25 00:09:05.005][INFO ][org.apache.kafka.common.config.AbstractConfig][restartedMain][376]AdminClientConfig values: 
	bootstrap.servers = [localhost:9092]
	client.dns.lookup = use_all_dns_ips
	client.id = 
	connections.max.idle.ms = 300000
	default.api.timeout.ms = 60000
	metadata.max.age.ms = 300000
	metric.reporters = []
	metrics.num.samples = 2
	metrics.recording.level = INFO
	metrics.sample.window.ms = 30000
	receive.buffer.bytes = 65536
	reconnect.backoff.max.ms = 1000
	reconnect.backoff.ms = 50
	request.timeout.ms = 30000
	retries = 2147483647
	retry.backoff.ms = 100
	sasl.client.callback.handler.class = null
	sasl.jaas.config = null
	sasl.kerberos.kinit.cmd = /usr/bin/kinit
	sasl.kerberos.min.time.before.relogin = 60000
	sasl.kerberos.service.name = null
	sasl.kerberos.ticket.renew.jitter = 0.05
	sasl.kerberos.ticket.renew.window.factor = 0.8
	sasl.login.callback.handler.class = null
	sasl.login.class = null
	sasl.login.refresh.buffer.seconds = 300
	sasl.login.refresh.min.period.seconds = 60
	sasl.login.refresh.window.factor = 0.8
	sasl.login.refresh.window.jitter = 0.05
	sasl.mechanism = GSSAPI
	security.protocol = PLAINTEXT
	security.providers = null
	send.buffer.bytes = 131072
	socket.connection.setup.timeout.max.ms = 30000
	socket.connection.setup.timeout.ms = 10000
	ssl.cipher.suites = null
	ssl.enabled.protocols = [TLSv1.2, TLSv1.3]
	ssl.endpoint.identification.algorithm = https
	ssl.engine.factory.class = null
	ssl.key.password = null
	ssl.keymanager.algorithm = SunX509
	ssl.keystore.certificate.chain = null
	ssl.keystore.key = null
	ssl.keystore.location = null
	ssl.keystore.password = null
	ssl.keystore.type = JKS
	ssl.protocol = TLSv1.3
	ssl.provider = null
	ssl.secure.random.implementation = null
	ssl.trustmanager.algorithm = PKIX
	ssl.truststore.certificates = null
	ssl.truststore.location = null
	ssl.truststore.password = null
	ssl.truststore.type = JKS

[2022-07-25 00:09:05.005][INFO ][org.apache.kafka.common.utils.AppInfoParser$AppInfo][restartedMain][119]Kafka version: 3.0.0
[2022-07-25 00:09:05.005][INFO ][org.apache.kafka.common.utils.AppInfoParser$AppInfo][restartedMain][120]Kafka commitId: 8cb0a5e9d3441962
[2022-07-25 00:09:05.005][INFO ][org.apache.kafka.common.utils.AppInfoParser$AppInfo][restartedMain][121]Kafka startTimeMs: 1658682545214
[2022-07-25 00:09:05.005][INFO ][org.apache.kafka.common.utils.AppInfoParser][kafka-admin-client-thread | adminclient-1][83]App info kafka.admin.client for adminclient-1 unregistered
[2022-07-25 00:09:05.005][INFO ][org.apache.kafka.common.metrics.Metrics][kafka-admin-client-thread | adminclient-1][659]Metrics scheduler closed
[2022-07-25 00:09:05.005][INFO ][org.apache.kafka.common.metrics.Metrics][kafka-admin-client-thread | adminclient-1][663]Closing reporter org.apache.kafka.common.metrics.JmxReporter
[2022-07-25 00:09:05.005][INFO ][org.apache.kafka.common.metrics.Metrics][kafka-admin-client-thread | adminclient-1][669]Metrics reporters closed
[2022-07-25 00:09:05.005][INFO ][org.apache.kafka.common.config.AbstractConfig][restartedMain][376]ConsumerConfig values: 
	allow.auto.create.topics = true
	auto.commit.interval.ms = 5000
	auto.offset.reset = latest
	bootstrap.servers = [localhost:9092]
	check.crcs = true
	client.dns.lookup = use_all_dns_ips
	client.id = consumer-social_network-1
	client.rack = 
	connections.max.idle.ms = 540000
	default.api.timeout.ms = 60000
	enable.auto.commit = false
	exclude.internal.topics = true
	fetch.max.bytes = 52428800
	fetch.max.wait.ms = 500
	fetch.min.bytes = 1
	group.id = social_network
	group.instance.id = null
	heartbeat.interval.ms = 3000
	interceptor.classes = []
	internal.leave.group.on.close = true
	internal.throw.on.fetch.stable.offset.unsupported = false
	isolation.level = read_uncommitted
	key.deserializer = class org.apache.kafka.common.serialization.StringDeserializer
	max.partition.fetch.bytes = 1048576
	max.poll.interval.ms = 300000
	max.poll.records = 500
	metadata.max.age.ms = 300000
	metric.reporters = []
	metrics.num.samples = 2
	metrics.recording.level = INFO
	metrics.sample.window.ms = 30000
	partition.assignment.strategy = [class org.apache.kafka.clients.consumer.RangeAssignor, class org.apache.kafka.clients.consumer.CooperativeStickyAssignor]
	receive.buffer.bytes = 65536
	reconnect.backoff.max.ms = 1000
	reconnect.backoff.ms = 50
	request.timeout.ms = 30000
	retry.backoff.ms = 100
	sasl.client.callback.handler.class = null
	sasl.jaas.config = null
	sasl.kerberos.kinit.cmd = /usr/bin/kinit
	sasl.kerberos.min.time.before.relogin = 60000
	sasl.kerberos.service.name = null
	sasl.kerberos.ticket.renew.jitter = 0.05
	sasl.kerberos.ticket.renew.window.factor = 0.8
	sasl.login.callback.handler.class = null
	sasl.login.class = null
	sasl.login.refresh.buffer.seconds = 300
	sasl.login.refresh.min.period.seconds = 60
	sasl.login.refresh.window.factor = 0.8
	sasl.login.refresh.window.jitter = 0.05
	sasl.mechanism = GSSAPI
	security.protocol = PLAINTEXT
	security.providers = null
	send.buffer.bytes = 131072
	session.timeout.ms = 45000
	socket.connection.setup.timeout.max.ms = 30000
	socket.connection.setup.timeout.ms = 10000
	ssl.cipher.suites = null
	ssl.enabled.protocols = [TLSv1.2, TLSv1.3]
	ssl.endpoint.identification.algorithm = https
	ssl.engine.factory.class = null
	ssl.key.password = null
	ssl.keymanager.algorithm = SunX509
	ssl.keystore.certificate.chain = null
	ssl.keystore.key = null
	ssl.keystore.location = null
	ssl.keystore.password = null
	ssl.keystore.type = JKS
	ssl.protocol = TLSv1.3
	ssl.provider = null
	ssl.secure.random.implementation = null
	ssl.trustmanager.algorithm = PKIX
	ssl.truststore.certificates = null
	ssl.truststore.location = null
	ssl.truststore.password = null
	ssl.truststore.type = JKS
	value.deserializer = class org.springframework.kafka.support.serializer.JsonDeserializer

[2022-07-25 00:09:05.005][INFO ][org.apache.kafka.common.utils.AppInfoParser$AppInfo][restartedMain][119]Kafka version: 3.0.0
[2022-07-25 00:09:05.005][INFO ][org.apache.kafka.common.utils.AppInfoParser$AppInfo][restartedMain][120]Kafka commitId: 8cb0a5e9d3441962
[2022-07-25 00:09:05.005][INFO ][org.apache.kafka.common.utils.AppInfoParser$AppInfo][restartedMain][121]Kafka startTimeMs: 1658682545472
[2022-07-25 00:09:05.005][INFO ][org.apache.kafka.clients.consumer.KafkaConsumer][restartedMain][966][Consumer clientId=consumer-social_network-1, groupId=social_network] Subscribed to topic(s): social_network_message
[2022-07-25 00:09:05.005][INFO ][org.apache.juli.logging.DirectJDKLog][restartedMain][173]Starting ProtocolHandler ["http-nio-8080"]
[2022-07-25 00:09:05.005][INFO ][org.springframework.boot.web.embedded.tomcat.TomcatWebServer][restartedMain][220]Tomcat started on port(s): 8080 (http) with context path ''
[2022-07-25 00:09:05.005][INFO ][org.springframework.core.log.CompositeLog][restartedMain][137]Starting...
[2022-07-25 00:09:05.005][INFO ][org.springframework.core.log.CompositeLog][restartedMain][137]BrokerAvailabilityEvent[available=true, SimpleBrokerMessageHandler [org.springframework.messaging.simp.broker.DefaultSubscriptionRegistry@309b07fd]]
[2022-07-25 00:09:05.005][INFO ][org.springframework.core.log.CompositeLog][restartedMain][137]Started.
[2022-07-25 00:09:05.005][INFO ][org.apache.kafka.clients.Metadata][org.springframework.kafka.KafkaListenerEndpointContainer#0-0-C-1][287][Consumer clientId=consumer-social_network-1, groupId=social_network] Cluster ID: hUq3TUruRmWBx5UOVTa1zQ
[2022-07-25 00:09:05.005][INFO ][org.springframework.boot.StartupInfoLogger][restartedMain][61]Started Application in 6.645 seconds (JVM running for 7.493)
[2022-07-25 00:09:05.005][INFO ][org.apache.kafka.clients.consumer.internals.AbstractCoordinator$FindCoordinatorResponseHandler][org.springframework.kafka.KafkaListenerEndpointContainer#0-0-C-1][849][Consumer clientId=consumer-social_network-1, groupId=social_network] Discovered group coordinator 127.0.0.1:9092 (id: 2147483646 rack: null)
[2022-07-25 00:09:05.005][INFO ][org.apache.kafka.clients.consumer.internals.AbstractCoordinator][org.springframework.kafka.KafkaListenerEndpointContainer#0-0-C-1][535][Consumer clientId=consumer-social_network-1, groupId=social_network] (Re-)joining group
[2022-07-25 00:09:05.005][INFO ][org.apache.kafka.clients.consumer.internals.AbstractCoordinator][org.springframework.kafka.KafkaListenerEndpointContainer#0-0-C-1][988][Consumer clientId=consumer-social_network-1, groupId=social_network] Request joining group due to: need to re-join with the given member-id
[2022-07-25 00:09:05.005][INFO ][org.apache.kafka.clients.consumer.internals.AbstractCoordinator][org.springframework.kafka.KafkaListenerEndpointContainer#0-0-C-1][535][Consumer clientId=consumer-social_network-1, groupId=social_network] (Re-)joining group
[2022-07-25 00:09:05.005][INFO ][org.apache.kafka.clients.consumer.internals.AbstractCoordinator$JoinGroupResponseHandler][org.springframework.kafka.KafkaListenerEndpointContainer#0-0-C-1][591][Consumer clientId=consumer-social_network-1, groupId=social_network] Successfully joined group with generation Generation{generationId=104, memberId='consumer-social_network-1-bb548552-3341-4557-ae22-bcef56113611', protocol='range'}
[2022-07-25 00:09:05.005][INFO ][org.apache.kafka.clients.consumer.internals.ConsumerCoordinator][org.springframework.kafka.KafkaListenerEndpointContainer#0-0-C-1][626][Consumer clientId=consumer-social_network-1, groupId=social_network] Finished assignment for group at generation 104: {consumer-social_network-1-bb548552-3341-4557-ae22-bcef56113611=Assignment(partitions=[social_network_message-0, social_network_message-1, social_network_message-2])}
[2022-07-25 00:09:05.005][INFO ][org.apache.kafka.clients.consumer.internals.AbstractCoordinator$SyncGroupResponseHandler][org.springframework.kafka.KafkaListenerEndpointContainer#0-0-C-1][757][Consumer clientId=consumer-social_network-1, groupId=social_network] Successfully synced group in generation Generation{generationId=104, memberId='consumer-social_network-1-bb548552-3341-4557-ae22-bcef56113611', protocol='range'}
[2022-07-25 00:09:05.005][INFO ][org.apache.kafka.clients.consumer.internals.ConsumerCoordinator][org.springframework.kafka.KafkaListenerEndpointContainer#0-0-C-1][276][Consumer clientId=consumer-social_network-1, groupId=social_network] Notifying assignor about the new Assignment(partitions=[social_network_message-0, social_network_message-1, social_network_message-2])
[2022-07-25 00:09:05.005][INFO ][org.apache.kafka.clients.consumer.internals.ConsumerCoordinator][org.springframework.kafka.KafkaListenerEndpointContainer#0-0-C-1][288][Consumer clientId=consumer-social_network-1, groupId=social_network] Adding newly assigned partitions: social_network_message-1, social_network_message-0, social_network_message-2
[2022-07-25 00:09:05.005][INFO ][org.apache.kafka.clients.consumer.internals.ConsumerCoordinator][org.springframework.kafka.KafkaListenerEndpointContainer#0-0-C-1][818][Consumer clientId=consumer-social_network-1, groupId=social_network] Setting offset for partition social_network_message-1 to the committed offset FetchPosition{offset=43, offsetEpoch=Optional.empty, currentLeader=LeaderAndEpoch{leader=Optional[127.0.0.1:9092 (id: 1 rack: null)], epoch=0}}
[2022-07-25 00:09:05.005][INFO ][org.apache.kafka.clients.consumer.internals.ConsumerCoordinator][org.springframework.kafka.KafkaListenerEndpointContainer#0-0-C-1][818][Consumer clientId=consumer-social_network-1, groupId=social_network] Setting offset for partition social_network_message-0 to the committed offset FetchPosition{offset=49, offsetEpoch=Optional.empty, currentLeader=LeaderAndEpoch{leader=Optional[127.0.0.1:9092 (id: 1 rack: null)], epoch=0}}
[2022-07-25 00:09:05.005][INFO ][org.apache.kafka.clients.consumer.internals.ConsumerCoordinator][org.springframework.kafka.KafkaListenerEndpointContainer#0-0-C-1][818][Consumer clientId=consumer-social_network-1, groupId=social_network] Setting offset for partition social_network_message-2 to the committed offset FetchPosition{offset=43, offsetEpoch=Optional.empty, currentLeader=LeaderAndEpoch{leader=Optional[127.0.0.1:9092 (id: 1 rack: null)], epoch=0}}
[2022-07-25 00:09:05.005][INFO ][org.springframework.core.log.LogAccessor][org.springframework.kafka.KafkaListenerEndpointContainer#0-0-C-1][292]social_network: partitions assigned: [social_network_message-1, social_network_message-0, social_network_message-2]
[2022-07-25 00:10:04.004][INFO ][org.springframework.web.socket.config.WebSocketMessageBrokerStats][MessageBroker-1][128]WebSocketSession[0 current WS(0)-HttpStream(0)-HttpPoll(0), 0 total, 0 closed abnormally (0 connect failure, 0 send limit, 0 transport error)], stompSubProtocol[processed CONNECT(0)-CONNECTED(0)-DISCONNECT(0)], stompBrokerRelay[null], inboundChannel[pool size = 0, active threads = 0, queued tasks = 0, completed tasks = 0], outboundChannel[pool size = 0, active threads = 0, queued tasks = 0, completed tasks = 0], sockJsScheduler[pool size = 1, active threads = 1, queued tasks = 0, completed tasks = 0]
