[2022-06-01 00:11:11.011][INFO ][org.springframework.web.socket.config.WebSocketMessageBrokerStats][MessageBroker-1][128]WebSocketSession[0 current WS(0)-HttpStream(0)-HttpPoll(0), 0 total, 0 closed abnormally (0 connect failure, 0 send limit, 0 transport error)], stompSubProtocol[processed CONNECT(0)-CONNECTED(0)-DISCONNECT(0)], stompBrokerRelay[null], inboundChannel[pool size = 0, active threads = 0, queued tasks = 0, completed tasks = 0], outboundChannel[pool size = 0, active threads = 0, queued tasks = 0, completed tasks = 0], sockJsScheduler[pool size = 4, active threads = 1, queued tasks = 0, completed tasks = 3]
[2022-06-01 00:41:11.011][INFO ][org.springframework.web.socket.config.WebSocketMessageBrokerStats][MessageBroker-3][128]WebSocketSession[0 current WS(0)-HttpStream(0)-HttpPoll(0), 0 total, 0 closed abnormally (0 connect failure, 0 send limit, 0 transport error)], stompSubProtocol[processed CONNECT(0)-CONNECTED(0)-DISCONNECT(0)], stompBrokerRelay[null], inboundChannel[pool size = 0, active threads = 0, queued tasks = 0, completed tasks = 0], outboundChannel[pool size = 0, active threads = 0, queued tasks = 0, completed tasks = 0], sockJsScheduler[pool size = 5, active threads = 1, queued tasks = 0, completed tasks = 4]
[2022-06-01 01:11:10.010][INFO ][org.springframework.web.socket.config.WebSocketMessageBrokerStats][MessageBroker-2][128]WebSocketSession[0 current WS(0)-HttpStream(0)-HttpPoll(0), 0 total, 0 closed abnormally (0 connect failure, 0 send limit, 0 transport error)], stompSubProtocol[processed CONNECT(0)-CONNECTED(0)-DISCONNECT(0)], stompBrokerRelay[null], inboundChannel[pool size = 0, active threads = 0, queued tasks = 0, completed tasks = 0], outboundChannel[pool size = 0, active threads = 0, queued tasks = 0, completed tasks = 0], sockJsScheduler[pool size = 6, active threads = 1, queued tasks = 0, completed tasks = 5]
[2022-06-01 01:41:10.010][INFO ][org.springframework.web.socket.config.WebSocketMessageBrokerStats][MessageBroker-4][128]WebSocketSession[0 current WS(0)-HttpStream(0)-HttpPoll(0), 0 total, 0 closed abnormally (0 connect failure, 0 send limit, 0 transport error)], stompSubProtocol[processed CONNECT(0)-CONNECTED(0)-DISCONNECT(0)], stompBrokerRelay[null], inboundChannel[pool size = 0, active threads = 0, queued tasks = 0, completed tasks = 0], outboundChannel[pool size = 0, active threads = 0, queued tasks = 0, completed tasks = 0], sockJsScheduler[pool size = 7, active threads = 1, queued tasks = 0, completed tasks = 6]
[2022-06-01 01:57:04.004][INFO ][org.springframework.core.log.CompositeLog][SpringApplicationShutdownHook][137]Stopping...
[2022-06-01 01:57:04.004][INFO ][org.springframework.core.log.CompositeLog][SpringApplicationShutdownHook][137]BrokerAvailabilityEvent[available=false, SimpleBrokerMessageHandler [org.springframework.messaging.simp.broker.DefaultSubscriptionRegistry@1e441947]]
[2022-06-01 01:57:04.004][INFO ][org.springframework.core.log.CompositeLog][SpringApplicationShutdownHook][137]Stopped.
[2022-06-01 01:57:04.004][INFO ][org.springframework.orm.jpa.AbstractEntityManagerFactoryBean][SpringApplicationShutdownHook][651]Closing JPA EntityManagerFactory for persistence unit 'default'
[2022-06-01 01:57:04.004][INFO ][com.zaxxer.hikari.HikariDataSource][SpringApplicationShutdownHook][350]HikariPool-1 - Shutdown initiated...
[2022-06-01 01:57:04.004][INFO ][com.zaxxer.hikari.HikariDataSource][SpringApplicationShutdownHook][352]HikariPool-1 - Shutdown completed.
[2022-06-01 10:09:50.050][INFO ][org.springframework.boot.StartupInfoLogger][restartedMain][55]Starting Application using Java 17.0.3 on Truongs-MacBook-Air.local with PID 34919 (/Users/truongnh/Documents/software-develop/project/network-socical/social_network_backend/target/classes started by truongnh in /Users/truongnh/Documents/software-develop/project/network-socical/social_network_backend)
[2022-06-01 10:09:50.050][INFO ][org.springframework.boot.SpringApplication][restartedMain][640]No active profile set, falling back to 1 default profile: "default"
[2022-06-01 10:09:50.050][INFO ][org.springframework.boot.logging.DeferredLog][restartedMain][255]The Class-Path manifest attribute in /Users/truongnh/.m2/repository/org/liquibase/liquibase-core/4.5.0/liquibase-core-4.5.0.jar referenced one or more files that do not exist: file:/Users/truongnh/.m2/repository/org/liquibase/liquibase-core/4.5.0/snakeyaml-1.27.jar
[2022-06-01 10:09:50.050][INFO ][org.springframework.boot.logging.DeferredLog][restartedMain][255]Devtools property defaults active! Set 'spring.devtools.add-properties' to 'false' to disable
[2022-06-01 10:09:50.050][INFO ][org.springframework.boot.logging.DeferredLog][restartedMain][255]For additional web related logging consider setting the 'logging.level.web' property to 'DEBUG'
[2022-06-01 10:09:51.051][INFO ][org.springframework.data.repository.config.RepositoryConfigurationDelegate][restartedMain][132]Bootstrapping Spring Data JPA repositories in DEFAULT mode.
[2022-06-01 10:09:51.051][INFO ][org.springframework.data.repository.config.RepositoryConfigurationDelegate][restartedMain][201]Finished Spring Data repository scanning in 25 ms. Found 5 JPA repository interfaces.
[2022-06-01 10:09:51.051][INFO ][org.springframework.boot.web.embedded.tomcat.TomcatWebServer][restartedMain][108]Tomcat initialized with port(s): 8080 (http)
[2022-06-01 10:09:51.051][INFO ][org.apache.juli.logging.DirectJDKLog][restartedMain][173]Initializing ProtocolHandler ["http-nio-8080"]
[2022-06-01 10:09:51.051][INFO ][org.apache.juli.logging.DirectJDKLog][restartedMain][173]Starting service [Tomcat]
[2022-06-01 10:09:51.051][INFO ][org.apache.juli.logging.DirectJDKLog][restartedMain][173]Starting Servlet engine: [Apache Tomcat/9.0.58]
[2022-06-01 10:09:51.051][INFO ][org.apache.juli.logging.DirectJDKLog][restartedMain][173]Initializing Spring embedded WebApplicationContext
[2022-06-01 10:09:51.051][INFO ][org.springframework.boot.web.servlet.context.ServletWebServerApplicationContext][restartedMain][290]Root WebApplicationContext: initialization completed in 767 ms
[2022-06-01 10:09:51.051][INFO ][com.zaxxer.hikari.HikariDataSource][restartedMain][110]HikariPool-1 - Starting...
[2022-06-01 10:09:51.051][INFO ][com.zaxxer.hikari.HikariDataSource][restartedMain][123]HikariPool-1 - Start completed.
[2022-06-01 10:09:51.051][INFO ][liquibase.logging.core.JavaLogger][restartedMain][26]Set default schema name to public
[2022-06-01 10:09:51.051][INFO ][liquibase.logging.core.JavaLogger][restartedMain][26]Clearing database change log checksums
[2022-06-01 10:09:51.051][INFO ][liquibase.logging.core.JavaLogger][restartedMain][26]Successfully acquired change log lock
[2022-06-01 10:09:51.051][INFO ][liquibase.logging.core.JavaLogger][restartedMain][26]Successfully released change log lock
[2022-06-01 10:09:51.051][INFO ][liquibase.logging.core.JavaLogger][restartedMain][26]Successfully acquired change log lock
[2022-06-01 10:09:52.052][INFO ][liquibase.logging.core.JavaLogger][restartedMain][26]Reading from public.databasechangelog
[2022-06-01 10:09:52.052][INFO ][liquibase.logging.core.JavaLogger][restartedMain][26]Successfully released change log lock
[2022-06-01 10:09:52.052][INFO ][org.hibernate.jpa.internal.util.LogHelper][restartedMain][31]HHH000204: Processing PersistenceUnitInfo [name: default]
[2022-06-01 10:09:52.052][INFO ][org.hibernate.Version][restartedMain][44]HHH000412: Hibernate ORM core version 5.6.5.Final
[2022-06-01 10:09:52.052][INFO ][org.hibernate.annotations.common.reflection.java.JavaReflectionManager][restartedMain][56]HCANN000001: Hibernate Commons Annotations {5.1.2.Final}
[2022-06-01 10:09:52.052][INFO ][org.hibernate.dialect.Dialect][restartedMain][175]HHH000400: Using dialect: org.hibernate.dialect.PostgreSQLDialect
[2022-06-01 10:09:53.053][INFO ][org.hibernate.engine.transaction.jta.platform.internal.JtaPlatformInitiator][restartedMain][52]HHH000490: Using JtaPlatform implementation: [org.hibernate.engine.transaction.jta.platform.internal.NoJtaPlatform]
[2022-06-01 10:09:53.053][INFO ][org.springframework.orm.jpa.AbstractEntityManagerFactoryBean][restartedMain][437]Initialized JPA EntityManagerFactory for persistence unit 'default'
[2022-06-01 10:09:53.053][WARN ][org.springframework.boot.autoconfigure.orm.jpa.JpaBaseConfiguration$JpaWebConfiguration][restartedMain][219]spring.jpa.open-in-view is enabled by default. Therefore, database queries may be performed during view rendering. Explicitly configure spring.jpa.open-in-view to disable this warning
[2022-06-01 10:09:54.054][INFO ][org.springframework.security.web.DefaultSecurityFilterChain][restartedMain][52]Will not secure any request
[2022-06-01 10:09:54.054][INFO ][org.springframework.boot.devtools.autoconfigure.OptionalLiveReloadServer][restartedMain][58]LiveReload server is running on port 35729
[2022-06-01 10:09:54.054][INFO ][org.apache.juli.logging.DirectJDKLog][restartedMain][173]Starting ProtocolHandler ["http-nio-8080"]
[2022-06-01 10:09:54.054][INFO ][org.springframework.boot.web.embedded.tomcat.TomcatWebServer][restartedMain][220]Tomcat started on port(s): 8080 (http) with context path ''
[2022-06-01 10:09:54.054][INFO ][org.springframework.core.log.CompositeLog][restartedMain][137]Starting...
[2022-06-01 10:09:54.054][INFO ][org.springframework.core.log.CompositeLog][restartedMain][137]BrokerAvailabilityEvent[available=true, SimpleBrokerMessageHandler [org.springframework.messaging.simp.broker.DefaultSubscriptionRegistry@ea9689e]]
[2022-06-01 10:09:54.054][INFO ][org.springframework.core.log.CompositeLog][restartedMain][137]Started.
[2022-06-01 10:09:54.054][INFO ][org.springframework.boot.StartupInfoLogger][restartedMain][61]Started Application in 3.761 seconds (JVM running for 4.23)
[2022-06-01 10:10:53.053][INFO ][org.springframework.web.socket.config.WebSocketMessageBrokerStats][MessageBroker-1][128]WebSocketSession[0 current WS(0)-HttpStream(0)-HttpPoll(0), 0 total, 0 closed abnormally (0 connect failure, 0 send limit, 0 transport error)], stompSubProtocol[processed CONNECT(0)-CONNECTED(0)-DISCONNECT(0)], stompBrokerRelay[null], inboundChannel[pool size = 0, active threads = 0, queued tasks = 0, completed tasks = 0], outboundChannel[pool size = 0, active threads = 0, queued tasks = 0, completed tasks = 0], sockJsScheduler[pool size = 1, active threads = 1, queued tasks = 0, completed tasks = 0]
